PCAD Importer Log
Project : Untitled1.PrjPcb

Section : C:\Users\kokiv\p-cad\docs\3\Untitled1.SCH
    Section : Parsing Messages
        Warning - 1 : Skipping Token defaultPinDes On Line 118
        Warning - 1 : Skipping Token defaultPinDes On Line 125
        Warning - 1 : Skipping Token defaultPinDes On Line 132
        Warning - 1 : Skipping Token defaultPinDes On Line 139
        Warning - 1 : Skipping Token defaultPinDes On Line 146
        Warning - 1 : Skipping Token defaultPinDes On Line 153
        Warning - 1 : Skipping Token defaultPinDes On Line 160
        Warning - 1 : Skipping Token defaultPinDes On Line 168
        Warning - 1 : Skipping Token defaultPinDes On Line 187
        Warning - 1 : Skipping Token defaultPinDes On Line 195
        Warning - 1 : Skipping Token defaultPinDes On Line 216
        Warning - 1 : Skipping Token defaultPinDes On Line 230
        Warning - 1 : Skipping Token defaultPinDes On Line 237
        Warning - 1 : Skipping Token defaultPinDes On Line 245
        Warning - 1 : Skipping Token defaultPinDes On Line 253
        Warning - 1 : Skipping Token defaultPinDes On Line 260
        Warning - 1 : Skipping Token defaultPinDes On Line 279
        Warning - 1 : Skipping Token defaultPinDes On Line 287
        Warning - 1 : Skipping Token defaultPinDes On Line 295
        Warning - 1 : Skipping Token defaultPinDes On Line 318
        Warning - 1 : Skipping Token defaultPinDes On Line 326
        Warning - 1 : Skipping Token defaultPinDes On Line 347
        Warning - 1 : Skipping Token defaultPinDes On Line 355
        Warning - 1 : Skipping Token defaultPinDes On Line 431
        Warning - 1 : Skipping Token defaultPinDes On Line 438
        Warning - 1 : Skipping Token defaultPinDes On Line 445
        Warning - 1 : Skipping Token defaultPinDes On Line 452
        Warning - 1 : Skipping Token gridDfns On Line 887
        Warning - 1 : Skipping Token refPointSize On Line 891
        Warning - 1 : Skipping Token infoPointSize On Line 892
        Warning - 1 : Skipping Token junctionSize On Line 893
        Warning - 1 : Skipping Token refPointSizePrint On Line 894
        Warning - 1 : Skipping Token infoPointSizePrint On Line 895
        Warning - 1 : Skipping Token junctionSizePrint On Line 896
        Warning - 1 : Skipping Token PrintRegion On Line 1116
        Warning - 1 : Skipping Token schematicPrintSettings On Line 1118
        Warning - 1 : Skipping Token ecoState On Line 1133
        Warning - 1 : Skipping Token currentTextStyle On Line 1134
        Warning - 1 : Skipping Token reportSettings On Line 1137
    EndSection

    Section : Generating SCH Library - Untitled1.SchLib
        Warning : Create component variant [PR03(VISHAY)_VARIANT_1] for component with original name [PR03(VISHAY)]
    EndSection

    Section : Generating SCH Sheet - Sheet1.SCHDOC
    EndSection

    Section : Analyzing SCH Sheet - Sheet1.SCHDOC
    EndSection
EndSection

Section : C:\Users\kokiv\p-cad\docs\4\Untitled1.PCB
    Section : Load Messages
        Warning - 1 : Skipping Token defaultPinDes On Line 284
        Warning - 1 : Skipping Token defaultPinDes On Line 285
        Warning - 1 : Skipping Token defaultPinDes On Line 309
        Warning - 1 : Skipping Token defaultPinDes On Line 310
        Warning - 1 : Skipping Token defaultPinDes On Line 311
        Warning - 1 : Skipping Token defaultPinDes On Line 312
        Warning - 1 : Skipping Token defaultPinDes On Line 313
        Warning - 1 : Skipping Token defaultPinDes On Line 314
        Warning - 1 : Skipping Token defaultPinDes On Line 315
        Warning - 1 : Skipping Token defaultPinDes On Line 316
        Warning - 1 : Skipping Token defaultPinDes On Line 386
        Warning - 1 : Skipping Token defaultPinDes On Line 387
        Warning - 1 : Skipping Token defaultPinDes On Line 422
        Warning - 1 : Skipping Token defaultPinDes On Line 423
        Warning - 1 : Skipping Token defaultPinDes On Line 449
        Warning - 1 : Skipping Token defaultPinDes On Line 467
        Warning - 1 : Skipping Token defaultPinDes On Line 468
        Warning - 1 : Skipping Token defaultPinDes On Line 469
        Warning - 1 : Skipping Token defaultPinDes On Line 501
        Warning - 1 : Skipping Token defaultPinDes On Line 502
        Warning - 1 : Skipping Token defaultPinDes On Line 535
        Warning - 1 : Skipping Token defaultPinDes On Line 536
        Warning - 1 : Skipping Token defaultPinDes On Line 568
        Warning - 1 : Skipping Token defaultPinDes On Line 569
        Warning - 1 : Skipping Token defaultPinDes On Line 570
        Warning - 1 : Skipping Token defaultPinDes On Line 571
        Warning - 1 : Skipping Token defaultPinDes On Line 572
        Warning - 1 : Skipping Token defaultPinDes On Line 591
        Warning - 1 : Skipping Token defaultPinDes On Line 592
        Warning - 1 : Skipping Token defaultPinDes On Line 593
        Warning - 1 : Skipping Token defaultPinDes On Line 594
        Warning - 1 : Skipping Token defaultPinDes On Line 613
        Warning - 1 : Skipping Token defaultPinDes On Line 614
        Warning - 1 : Skipping Token attachedSymbol On Line 661
        Warning - 1 : Skipping Token attachedSymbol On Line 687
        Warning - 1 : Skipping Token attachedSymbol On Line 714
        Warning - 1 : Skipping Token attachedSymbol On Line 735
        Warning - 1 : Skipping Token attachedSymbol On Line 754
        Warning - 1 : Skipping Token attachedSymbol On Line 774
        Warning - 1 : Skipping Token attachedSymbol On Line 797
        Warning - 1 : Skipping Token attachedSymbol On Line 821
        Warning - 1 : Skipping Token attachedSymbol On Line 843
        Warning - 1 : Skipping Token attachedSymbol On Line 866
        Warning - 1 : Skipping Token refPointSize On Line 1030
        Warning - 1 : Skipping Token infoPointSize On Line 1031
        Warning - 1 : Skipping Token gluePointSize On Line 1032
        Warning - 1 : Skipping Token pickPointSize On Line 1033
        Warning - 1 : Skipping Token testPointSize On Line 1034
        Warning - 1 : Skipping Token refPointSizePrint On Line 1035
        Warning - 1 : Skipping Token infoPointSizePrint On Line 1036
        Warning - 1 : Skipping Token gluePointSizePrint On Line 1037
        Warning - 1 : Skipping Token pickPointSizePrint On Line 1038
        Warning - 1 : Skipping Token testPointSizePrint On Line 1039
        Warning - 1 : Skipping Token solderFlowDirection On Line 1040
        Warning - 1 : Skipping Token globalCopperPourCutoutBackoffFlag On Line 1041
        Warning - 1 : Skipping Token useLegacyBackoffAlgorithm On Line 1042
        Warning - 1 : Skipping Token useLegacyCupourIslandGenerationAlgorithm On Line 1043
        Warning - 1 : Skipping Token K5035-2R On Line 1126
        Warning - 1 : Skipping Token K5035-2R On Line 1126
        Warning - 1 : Skipping Token K5035-2R1 On Line 1132
        Warning - 1 : Skipping Token K5035-2R1 On Line 1132
        Warning - 1 : Skipping Token K5035-1R On Line 1244
        Warning - 1 : Skipping Token K5035-1R On Line 1244
        Warning - 1 : Skipping Token K5035-1R1 On Line 1249
        Warning - 1 : Skipping Token K5035-1R1 On Line 1249
        Warning - 1 : Skipping Token drillSymSettings On Line 1520
        Warning - 1 : Skipping Token gerberSettings On Line 1522
        Warning - 1 : Skipping Token ncDrillSettings On Line 1536
        Warning - 1 : Skipping Token programState On Line 1545
        Warning - 1 : Skipping Token displayDrawOrder On Line 1586
        Warning - 1 : Skipping Token reportSettings On Line 1809
        Warning - 1 : Skipping Token odbSettings On Line 2506
    EndSection

    Section : Import Messages
        Warning - 0 : PCAD Pattern Graphics [R50-35-08XX][Primary] associated with PCAD Component [Ê50-35-1000ÌÊÔ-6,3Â] has been renamed to PCB FootPrint [R50-35-08XX_Primary].
        Warning - 0 : PCAD Pattern Graphics [DO-7][Primary] associated with PCAD Component [1N34] has been renamed to PCB FootPrint [DO-7_1N34(Primary)].
        Warning - 0 : PCAD Pattern Graphics [Ê50-35-0611-Ã][Primary] associated with PCAD Component [Ê50-35-220ÌÊÔ-10Â-Ã] has been renamed to PCB FootPrint [Ê50-35-0611-Ã_Primary].
        Warning - 0 : PCAD Pattern Graphics [ÊÐ140ÓÄ12][Primary] associated with PCAD Component [ÊÐ140ÓÄ12] has been renamed to PCB FootPrint [ÊÐ140ÓÄ12_ÊÐ140ÓÄ12(Primary)].
        Warning - 0 : PCAD Pattern Graphics [K554CA3][Primary] associated with PCAD Component [K554CA3] has been renamed to PCB FootPrint [K554CA3_K554CA3(Primary)].
    EndSection
EndSection
